{
  "stats": {
    "suites": 2,
    "tests": 2,
    "passes": 2,
    "pending": 0,
    "failures": 0,
    "testsRegistered": 2,
    "passPercent": 100,
    "pendingPercent": 0,
    "other": 0,
    "hasOther": false,
    "skipped": 0,
    "hasSkipped": false,
    "start": "2025-02-14T13:53:58.781Z",
    "end": "2025-02-14T13:54:12.953Z",
    "duration": 14172
  },
  "results": [
    {
      "uuid": "fcaff1e6-d7d0-4026-a03b-ae3307fce2ea",
      "title": "",
      "fullFile": "cypress/e2e/LoginValidationSecond.cy.js",
      "file": "cypress/e2e/LoginValidationSecond.cy.js",
      "beforeHooks": [],
      "afterHooks": [],
      "tests": [],
      "suites": [
        {
          "uuid": "ad56b9c1-bb47-41be-acdd-e202f8c88d3a",
          "title": "Validdating Second the login",
          "fullFile": "",
          "file": "",
          "beforeHooks": [],
          "afterHooks": [],
          "tests": [
            {
              "title": "Should Sed login to inventory page",
              "fullTitle": "Validdating Second the login Should Sed login to inventory page",
              "timedOut": null,
              "duration": 4284,
              "state": "passed",
              "speed": "fast",
              "pass": true,
              "fail": false,
              "pending": false,
              "context": null,
              "code": "cy.visit('https://bstackdemo.com/');\n_HomePage.default.clickOnSignin();\n_LoginPage.default.login();\n_HomePage.default.elements.loginBtn().should('have.text', 'Logout');",
              "err": {},
              "uuid": "da75d63a-739d-495c-afda-e77ada8048fd",
              "parentUUID": "ad56b9c1-bb47-41be-acdd-e202f8c88d3a",
              "isHook": false,
              "skipped": false
            }
          ],
          "suites": [],
          "passes": [
            "da75d63a-739d-495c-afda-e77ada8048fd"
          ],
          "failures": [],
          "pending": [],
          "skipped": [],
          "duration": 4284,
          "root": false,
          "rootEmpty": false,
          "_timeout": 2000
        }
      ],
      "passes": [],
      "failures": [],
      "pending": [],
      "skipped": [],
      "duration": 0,
      "root": true,
      "rootEmpty": true,
      "_timeout": 2000
    },
    {
      "uuid": "34870deb-c66f-4dbe-99c5-e275b90fa9bf",
      "title": "",
      "fullFile": "cypress/e2e/LoginValidation.cy.js",
      "file": "cypress/e2e/LoginValidation.cy.js",
      "beforeHooks": [],
      "afterHooks": [],
      "tests": [],
      "suites": [
        {
          "uuid": "a4bc044d-8d47-47ef-adfb-9490688c3ff1",
          "title": "Validdating the login",
          "fullFile": "",
          "file": "",
          "beforeHooks": [],
          "afterHooks": [],
          "tests": [
            {
              "title": "Should login to inventory page",
              "fullTitle": "Validdating the login Should login to inventory page",
              "timedOut": null,
              "duration": 8209,
              "state": "passed",
              "speed": "medium",
              "pass": true,
              "fail": false,
              "pending": false,
              "context": null,
              "code": "cy.visit('https://bstackdemo.com/');\n_HomePage.default.clickOnSignin();\n_LoginPage.default.login();\n_HomePage.default.elements.loginBtn().should('have.text', 'Logout');",
              "err": {},
              "uuid": "f2f4479f-3000-4ecd-9f87-2c064d6c7f4a",
              "parentUUID": "a4bc044d-8d47-47ef-adfb-9490688c3ff1",
              "isHook": false,
              "skipped": false
            }
          ],
          "suites": [],
          "passes": [
            "f2f4479f-3000-4ecd-9f87-2c064d6c7f4a"
          ],
          "failures": [],
          "pending": [],
          "skipped": [],
          "duration": 8209,
          "root": false,
          "rootEmpty": false,
          "_timeout": 2000
        }
      ],
      "passes": [],
      "failures": [],
      "pending": [],
      "skipped": [],
      "duration": 0,
      "root": true,
      "rootEmpty": true,
      "_timeout": 2000
    }
  ],
  "meta": {
    "mocha": {
      "version": "7.0.1"
    },
    "mochawesome": {
      "options": {
        "quiet": false,
        "reportFilename": "mochawesome",
        "saveHtml": false,
        "saveJson": true,
        "consoleReporter": "spec",
        "useInlineDiffs": false,
        "code": true
      },
      "version": "7.1.3"
    },
    "marge": {
      "options": {
        "reportDir": "cypress/results",
        "overwrite": false,
        "html": false,
        "json": true
      },
      "version": "6.2.0"
    }
  }
}